2020-04-29 19:09:15.521  INFO 1540 --- [restartedMain] c.b.i.hamaServer.HamaServerApplication   : Starting HamaServerApplication on PC-20180710BLJM with PID 1540 (D:\project\idea\hamaServer\target\classes started by Administrator in D:\project\idea\hamaServer)
2020-04-29 19:09:15.588  INFO 1540 --- [restartedMain] c.b.i.hamaServer.HamaServerApplication   : No active profile set, falling back to default profiles: default
2020-04-29 19:09:15.791  INFO 1540 --- [restartedMain] ConfigServletWebServerApplicationContext : Refreshing org.springframework.boot.web.servlet.context.AnnotationConfigServletWebServerApplicationContext@190a0b47: startup date [Wed Apr 29 19:09:15 CST 2020]; root of context hierarchy
2020-04-29 19:09:23.102  INFO 1540 --- [restartedMain] trationDelegate$BeanPostProcessorChecker : Bean 'org.springframework.transaction.annotation.ProxyTransactionManagementConfiguration' of type [org.springframework.transaction.annotation.ProxyTransactionManagementConfiguration$$EnhancerBySpringCGLIB$$8fe784ca] is not eligible for getting processed by all BeanPostProcessors (for example: not eligible for auto-proxying)
2020-04-29 19:09:25.555  INFO 1540 --- [restartedMain] o.s.b.w.embedded.tomcat.TomcatWebServer  : Tomcat initialized with port(s): 80 (http)
2020-04-29 19:09:25.670  INFO 1540 --- [restartedMain] o.apache.catalina.core.StandardService   : Starting service [Tomcat]
2020-04-29 19:09:25.671  INFO 1540 --- [restartedMain] org.apache.catalina.core.StandardEngine  : Starting Servlet Engine: Apache Tomcat/8.5.32
2020-04-29 19:09:25.700  INFO 1540 --- [localhost-startStop-1] o.a.catalina.core.AprLifecycleListener   : The APR based Apache Tomcat Native library which allows optimal performance in production environments was not found on the java.library.path: [C:\Program Files\Java\jdk1.8.0_221\bin;C:\Windows\Sun\Java\bin;C:\Windows\system32;C:\Windows;C:\Program Files (x86)\Common Files\Oracle\Java\javapath;C:\Windows\system32;C:\Windows;C:\Windows\System32\Wbem;C:\Windows\System32\WindowsPowerShell\v1.0\;D:\Downloads\Microsoft VS Code\bin;C:\myphp_www\PHPTutorial\php\php-7.2.1-nts;C:\ProgramData\ComposerSetup\bin;C:\Program Files\Git\cmd;C:\Program Files\dotnet\;C:\Program Files\Microsoft SQL Server\130\Tools\Binn\;C:\Program Files\Microsoft SQL Server\Client SDK\ODBC\170\Tools\Binn\;D:\soft\mysql-8.0.17-winx64\bin;D:\soft\node\;D:\phpstudy_pro\Extensions\php\php7.3.4nts;D:\Program Files\MongoDB\Server\4.2\bin;C:\Program Files\Bandizip\;C:\Program Files\JetBrains\PhpStorm 2019.1.2\bin;C:\Users\Administrator\AppData\Roaming\Composer\vendor\bin;C:\Users\Administrator\AppData\Roaming\npm;D:\soft\Microsoft VS Code\bin;D:\phpstudy_pro\Extensions\php\php7.3.4nts;.]
2020-04-29 19:09:26.453  INFO 1540 --- [localhost-startStop-1] o.a.c.c.C.[Tomcat].[localhost].[/]       : Initializing Spring embedded WebApplicationContext
2020-04-29 19:09:26.453  INFO 1540 --- [localhost-startStop-1] o.s.web.context.ContextLoader            : Root WebApplicationContext: initialization completed in 10663 ms
2020-04-29 19:09:29.146  INFO 1540 --- [localhost-startStop-1] o.s.b.w.servlet.FilterRegistrationBean   : Mapping filter: 'characterEncodingFilter' to: [/*]
2020-04-29 19:09:29.147  INFO 1540 --- [localhost-startStop-1] o.s.b.w.servlet.FilterRegistrationBean   : Mapping filter: 'webMvcMetricsFilter' to: [/*]
2020-04-29 19:09:29.148  INFO 1540 --- [localhost-startStop-1] o.s.b.w.servlet.FilterRegistrationBean   : Mapping filter: 'hiddenHttpMethodFilter' to: [/*]
2020-04-29 19:09:29.148  INFO 1540 --- [localhost-startStop-1] o.s.b.w.servlet.FilterRegistrationBean   : Mapping filter: 'httpPutFormContentFilter' to: [/*]
2020-04-29 19:09:29.148  INFO 1540 --- [localhost-startStop-1] o.s.b.w.servlet.FilterRegistrationBean   : Mapping filter: 'requestContextFilter' to: [/*]
2020-04-29 19:09:29.149  INFO 1540 --- [localhost-startStop-1] .s.DelegatingFilterProxyRegistrationBean : Mapping filter: 'springSecurityFilterChain' to: [/*]
2020-04-29 19:09:29.159  INFO 1540 --- [localhost-startStop-1] o.s.b.w.servlet.FilterRegistrationBean   : Mapping filter: 'httpTraceFilter' to: [/*]
2020-04-29 19:09:29.159  INFO 1540 --- [localhost-startStop-1] o.s.b.w.servlet.ServletRegistrationBean  : Servlet dispatcherServlet mapped to [/]
2020-04-29 19:09:29.560  INFO 1540 --- [restartedMain] com.zaxxer.hikari.HikariDataSource       : HikariPool-1 - Starting...
2020-04-29 19:09:30.046  INFO 1540 --- [restartedMain] com.zaxxer.hikari.HikariDataSource       : HikariPool-1 - Start completed.
2020-04-29 19:09:30.425  INFO 1540 --- [restartedMain] j.LocalContainerEntityManagerFactoryBean : Building JPA container EntityManagerFactory for persistence unit 'default'
2020-04-29 19:09:30.499  INFO 1540 --- [restartedMain] o.hibernate.jpa.internal.util.LogHelper  : HHH000204: Processing PersistenceUnitInfo [
	name: default
	...]
2020-04-29 19:09:31.326  INFO 1540 --- [restartedMain] org.hibernate.Version                    : HHH000412: Hibernate Core {5.2.17.Final}
2020-04-29 19:09:31.329  INFO 1540 --- [restartedMain] org.hibernate.cfg.Environment            : HHH000206: hibernate.properties not found
2020-04-29 19:09:31.444  INFO 1540 --- [restartedMain] o.hibernate.annotations.common.Version   : HCANN000001: Hibernate Commons Annotations {5.0.1.Final}
2020-04-29 19:09:31.845  INFO 1540 --- [restartedMain] org.hibernate.dialect.Dialect            : HHH000400: Using dialect: org.hibernate.dialect.MySQL5InnoDBDialect
2020-04-29 19:09:37.186  INFO 1540 --- [restartedMain] j.LocalContainerEntityManagerFactoryBean : Initialized JPA EntityManagerFactory for persistence unit 'default'
2020-04-29 19:09:37.556  INFO 1540 --- [restartedMain] o.s.s.concurrent.ThreadPoolTaskExecutor  : Initializing ExecutorService  'clientInboundChannelExecutor'
2020-04-29 19:09:37.587  INFO 1540 --- [restartedMain] o.s.s.concurrent.ThreadPoolTaskExecutor  : Initializing ExecutorService  'clientOutboundChannelExecutor'
2020-04-29 19:09:41.940  INFO 1540 --- [restartedMain] o.s.s.c.ThreadPoolTaskScheduler          : Initializing ExecutorService  'messageBrokerTaskScheduler'
2020-04-29 19:09:42.142  INFO 1540 --- [restartedMain] o.s.w.s.s.s.WebSocketHandlerMapping      : Mapped URL path [/hamaServer-websocket/**] onto handler of type [class org.springframework.web.socket.sockjs.support.SockJsHttpRequestHandler]
2020-04-29 19:09:42.166  INFO 1540 --- [restartedMain] o.s.s.concurrent.ThreadPoolTaskExecutor  : Initializing ExecutorService  'brokerChannelExecutor'
2020-04-29 19:09:42.313  INFO 1540 --- [restartedMain] .WebSocketAnnotationMethodMessageHandler : Mapped "{[/userInfo],messageType=[MESSAGE]}" onto public void com.bairock.iot.hamaCenter.controller.DevWebSocketController.userInfo(com.bairock.iot.hamaCenter.data.webData.WebUserInfo)
2020-04-29 19:09:42.314  INFO 1540 --- [restartedMain] .WebSocketAnnotationMethodMessageHandler : Mapped "{[/refresh],messageType=[MESSAGE]}" onto public void com.bairock.iot.hamaCenter.controller.DevWebSocketController.refresh(com.bairock.iot.intelDev.order.DeviceOrder)
2020-04-29 19:09:42.314  INFO 1540 --- [restartedMain] .WebSocketAnnotationMethodMessageHandler : Mapped "{[/ctrlDev],messageType=[MESSAGE]}" onto public void com.bairock.iot.hamaCenter.controller.DevWebSocketController.ctrlDev(com.bairock.iot.intelDev.order.DeviceOrder)
2020-04-29 19:09:42.316  INFO 1540 --- [restartedMain] .WebSocketAnnotationMethodMessageHandler : Mapped "{[/deviceMsg_filter],messageType=[MESSAGE]}" onto public void com.bairock.iot.hamaCenter.test.DeviceMsgTestWSCtrler.deviceMsgTestFilter(java.lang.String)
2020-04-29 19:09:42.318  INFO 1540 --- [restartedMain] .WebSocketAnnotationMethodMessageHandler : Mapped "{[/padMsg_filter],messageType=[MESSAGE]}" onto public void com.bairock.iot.hamaCenter.test.DeviceMsgTestWSCtrler.padMsgTestFilter(java.lang.String)
2020-04-29 19:09:42.973  INFO 1540 --- [restartedMain] o.s.s.web.DefaultSecurityFilterChain     : Creating filter chain: Ant [pattern='/resources/static/**'], []
2020-04-29 19:09:43.295  INFO 1540 --- [restartedMain] o.s.s.web.DefaultSecurityFilterChain     : Creating filter chain: org.springframework.security.web.util.matcher.AnyRequestMatcher@1, [org.springframework.security.web.context.request.async.WebAsyncManagerIntegrationFilter@1c338b46, org.springframework.security.web.context.SecurityContextPersistenceFilter@605a7f50, org.springframework.security.web.header.HeaderWriterFilter@401b4e4c, org.springframework.security.web.authentication.logout.LogoutFilter@75a1ac9d, org.springframework.security.web.authentication.UsernamePasswordAuthenticationFilter@1de34af8, org.springframework.security.web.savedrequest.RequestCacheAwareFilter@66a36097, org.springframework.security.web.servletapi.SecurityContextHolderAwareRequestFilter@6be1b2ba, org.springframework.security.web.authentication.rememberme.RememberMeAuthenticationFilter@2c838fb2, org.springframework.security.web.authentication.AnonymousAuthenticationFilter@1b80a6b2, org.springframework.security.web.session.SessionManagementFilter@1e53ac8f, org.springframework.security.web.access.ExceptionTranslationFilter@13edad86, org.springframework.security.web.access.intercept.FilterSecurityInterceptor@5cd0a08f]
2020-04-29 19:09:43.483  INFO 1540 --- [restartedMain] o.s.w.s.handler.SimpleUrlHandlerMapping  : Mapped URL path [/**/favicon.ico] onto handler of type [class org.springframework.web.servlet.resource.ResourceHttpRequestHandler]
2020-04-29 19:09:43.904  INFO 1540 --- [restartedMain] s.w.s.m.m.a.RequestMappingHandlerAdapter : Looking for @ControllerAdvice: org.springframework.boot.web.servlet.context.AnnotationConfigServletWebServerApplicationContext@190a0b47: startup date [Wed Apr 29 19:09:15 CST 2020]; root of context hierarchy
2020-04-29 19:09:44.091  INFO 1540 --- [restartedMain] s.w.s.m.m.a.RequestMappingHandlerMapping : Mapped "{[/device/page/{devGroupId}],methods=[GET]}" onto public java.lang.String com.bairock.iot.hamaCenter.controller.DeviceController.findDevices(javax.servlet.http.HttpServletRequest,java.lang.String,org.springframework.ui.Model)
2020-04-29 19:09:44.099  INFO 1540 --- [restartedMain] s.w.s.m.m.a.RequestMappingHandlerMapping : Mapped "{[/deviceImg/checkVersionCode],methods=[GET]}" onto private com.bairock.iot.intelDev.data.Result<java.util.List<com.bairock.iot.intelDev.data.DeviceImg>> com.bairock.iot.hamaCenter.controller.DeviceImgCtrler.checkVersionCode()
2020-04-29 19:09:44.100  INFO 1540 --- [restartedMain] s.w.s.m.m.a.RequestMappingHandlerMapping : Mapped "{[/deviceImg/list],methods=[GET]}" onto private java.lang.String com.bairock.iot.hamaCenter.controller.DeviceImgCtrler.getAllDeviceImg(org.springframework.ui.Model)
2020-04-29 19:09:44.110  INFO 1540 --- [restartedMain] s.w.s.m.m.a.RequestMappingHandlerMapping : Mapped "{[/group/client/dragDeviceDownload/{userName}/{groupName}],methods=[GET]}" onto public com.bairock.iot.intelDev.data.Result<java.util.List<com.bairock.iot.intelDev.data.DragDevice>> com.bairock.iot.hamaCenter.controller.GroupController.dragDeviceDownload(java.lang.String,java.lang.String) throws java.lang.Exception
2020-04-29 19:09:44.111  INFO 1540 --- [restartedMain] s.w.s.m.m.a.RequestMappingHandlerMapping : Mapped "{[/group/client/dragConfigDownload/{userName}/{groupName}],methods=[GET]}" onto public com.bairock.iot.intelDev.data.Result<com.bairock.iot.intelDev.data.DragConfig> com.bairock.iot.hamaCenter.controller.GroupController.dragConfigDownload(java.lang.String,java.lang.String)
2020-04-29 19:09:44.111  INFO 1540 --- [restartedMain] s.w.s.m.m.a.RequestMappingHandlerMapping : Mapped "{[/group/del/{groupId}],methods=[GET]}" onto public java.lang.String com.bairock.iot.hamaCenter.controller.GroupController.deleteGroup(java.lang.String)
2020-04-29 19:09:44.111  INFO 1540 --- [restartedMain] s.w.s.m.m.a.RequestMappingHandlerMapping : Mapped "{[/group/{groupId}],methods=[GET]}" onto public java.lang.String com.bairock.iot.hamaCenter.controller.GroupController.showGroup(java.lang.String,org.springframework.ui.Model)
2020-04-29 19:09:44.112  INFO 1540 --- [restartedMain] s.w.s.m.m.a.RequestMappingHandlerMapping : Mapped "{[/group/edit/{groupId}],methods=[POST]}" onto public java.lang.String com.bairock.iot.hamaCenter.controller.GroupController.editGroup(java.lang.String,com.bairock.iot.intelDev.user.DevGroup)
2020-04-29 19:09:44.112  INFO 1540 --- [restartedMain] s.w.s.m.m.a.RequestMappingHandlerMapping : Mapped "{[/group/add/{userid}],methods=[POST]}" onto public java.lang.String com.bairock.iot.hamaCenter.controller.GroupController.addDevGroup(java.lang.String,com.bairock.iot.intelDev.user.DevGroup)
2020-04-29 19:09:44.113  INFO 1540 --- [restartedMain] s.w.s.m.m.a.RequestMappingHandlerMapping : Mapped "{[/group/client/devGroupLogin/{userName}/{groupName}/{groupPsd}],methods=[GET]}" onto public com.bairock.iot.intelDev.data.Result<com.bairock.iot.intelDev.data.DevGroupLoginResult> com.bairock.iot.hamaCenter.controller.GroupController.devGroupLogin(java.lang.String,java.lang.String,java.lang.String) throws java.lang.Exception
2020-04-29 19:09:44.113  INFO 1540 --- [restartedMain] s.w.s.m.m.a.RequestMappingHandlerMapping : Mapped "{[/group/client/devGroupLogin/{loginModel}/{userName}/{groupName}/{groupPsd}],methods=[GET]}" onto public com.bairock.iot.intelDev.data.Result<com.bairock.iot.intelDev.data.DevGroupLoginResult> com.bairock.iot.hamaCenter.controller.GroupController.devGroupLogin2(java.lang.String,java.lang.String,java.lang.String,java.lang.String) throws java.lang.Exception
2020-04-29 19:09:44.113  INFO 1540 --- [restartedMain] s.w.s.m.m.a.RequestMappingHandlerMapping : Mapped "{[/group/client/groupUpload],methods=[POST]}" onto public com.bairock.iot.intelDev.data.Result<java.lang.Object> com.bairock.iot.hamaCenter.controller.GroupController.userUpload(com.bairock.iot.intelDev.user.DevGroup) throws java.lang.Exception
2020-04-29 19:09:44.114  INFO 1540 --- [restartedMain] s.w.s.m.m.a.RequestMappingHandlerMapping : Mapped "{[/group/client/dragDeviceUpload],methods=[POST]}" onto public com.bairock.iot.intelDev.data.Result<java.lang.Object> com.bairock.iot.hamaCenter.controller.GroupController.dragDeviceUpload(java.util.List<com.bairock.iot.intelDev.data.DragDevice>) throws java.lang.Exception
2020-04-29 19:09:44.115  INFO 1540 --- [restartedMain] s.w.s.m.m.a.RequestMappingHandlerMapping : Mapped "{[/group/client/dragConfigUpload],methods=[POST]}" onto public com.bairock.iot.intelDev.data.Result<java.lang.Object> com.bairock.iot.hamaCenter.controller.GroupController.dragConfigUpload(com.bairock.iot.intelDev.data.DragConfig) throws java.lang.Exception
2020-04-29 19:09:44.117  INFO 1540 --- [restartedMain] s.w.s.m.m.a.RequestMappingHandlerMapping : Mapped "{[/group/client/groupDownload/{userName}/{groupName}],methods=[GET]}" onto public com.bairock.iot.intelDev.data.Result<com.bairock.iot.intelDev.user.DevGroup> com.bairock.iot.hamaCenter.controller.GroupController.userDownload(java.lang.String,java.lang.String) throws java.lang.Exception
2020-04-29 19:09:44.118  INFO 1540 --- [restartedMain] s.w.s.m.m.a.RequestMappingHandlerMapping : Mapped "{[/ || /loginSuccess]}" onto public java.lang.String com.bairock.iot.hamaCenter.controller.HomeController.loginSuccess(javax.servlet.http.HttpServletRequest,org.springframework.ui.Model)
2020-04-29 19:09:44.119  INFO 1540 --- [restartedMain] s.w.s.m.m.a.RequestMappingHandlerMapping : Mapped "{[/login],methods=[GET]}" onto public java.lang.String com.bairock.iot.hamaCenter.controller.HomeController.login()
2020-04-29 19:09:44.121  INFO 1540 --- [restartedMain] s.w.s.m.m.a.RequestMappingHandlerMapping : Mapped "{[/user/register/success],methods=[GET]}" onto public java.lang.String com.bairock.iot.hamaCenter.controller.UserController.registerSuccess(java.lang.String)
2020-04-29 19:09:44.121  INFO 1540 --- [restartedMain] s.w.s.m.m.a.RequestMappingHandlerMapping : Mapped "{[/user/page/register],methods=[GET]}" onto public java.lang.String com.bairock.iot.hamaCenter.controller.UserController.registerForm()
2020-04-29 19:09:44.122  INFO 1540 --- [restartedMain] s.w.s.m.m.a.RequestMappingHandlerMapping : Mapped "{[/user/login],methods=[GET]}" onto public java.lang.String com.bairock.iot.hamaCenter.controller.UserController.loginForm()
2020-04-29 19:09:44.129  INFO 1540 --- [restartedMain] s.w.s.m.m.a.RequestMappingHandlerMapping : Mapped "{[/deviceMsg/page],methods=[GET]}" onto private java.lang.String com.bairock.iot.hamaCenter.test.DeviceMsgTestCtrler.getDeviceMsgPage()
2020-04-29 19:09:44.130  INFO 1540 --- [restartedMain] s.w.s.m.m.a.RequestMappingHandlerMapping : Mapped "{[/deviceMsg/padMsg],methods=[GET]}" onto private java.lang.String com.bairock.iot.hamaCenter.test.DeviceMsgTestCtrler.getDPadMsgPage()
2020-04-29 19:09:44.135  INFO 1540 --- [restartedMain] s.w.s.m.m.a.RequestMappingHandlerMapping : Mapped "{[/error]}" onto public org.springframework.http.ResponseEntity<java.util.Map<java.lang.String, java.lang.Object>> org.springframework.boot.autoconfigure.web.servlet.error.BasicErrorController.error(javax.servlet.http.HttpServletRequest)
2020-04-29 19:09:44.136  INFO 1540 --- [restartedMain] s.w.s.m.m.a.RequestMappingHandlerMapping : Mapped "{[/error],produces=[text/html]}" onto public org.springframework.web.servlet.ModelAndView org.springframework.boot.autoconfigure.web.servlet.error.BasicErrorController.errorHtml(javax.servlet.http.HttpServletRequest,javax.servlet.http.HttpServletResponse)
2020-04-29 19:09:44.521  INFO 1540 --- [restartedMain] o.s.w.s.handler.SimpleUrlHandlerMapping  : Mapped URL path [/webjars/**] onto handler of type [class org.springframework.web.servlet.resource.ResourceHttpRequestHandler]
2020-04-29 19:09:44.522  INFO 1540 --- [restartedMain] o.s.w.s.handler.SimpleUrlHandlerMapping  : Mapped URL path [/**] onto handler of type [class org.springframework.web.servlet.resource.ResourceHttpRequestHandler]
2020-04-29 19:09:44.522  INFO 1540 --- [restartedMain] o.s.w.s.handler.SimpleUrlHandlerMapping  : Mapped URL path [/devImg/**] onto handler of type [class org.springframework.web.servlet.resource.ResourceHttpRequestHandler]
2020-04-29 19:09:44.522  INFO 1540 --- [restartedMain] o.s.w.s.handler.SimpleUrlHandlerMapping  : Mapped URL path [/download/**] onto handler of type [class org.springframework.web.servlet.resource.ResourceHttpRequestHandler]
2020-04-29 19:09:44.553  INFO 1540 --- [restartedMain] .m.m.a.ExceptionHandlerExceptionResolver : Detected @ExceptionHandler methods in exceptionHandle
2020-04-29 19:09:46.054  INFO 1540 --- [restartedMain] o.s.b.d.a.OptionalLiveReloadServer       : LiveReload server is running on port 35729
2020-04-29 19:09:46.102  INFO 1540 --- [restartedMain] o.s.b.a.e.web.EndpointLinksResolver      : Exposing 15 endpoint(s) beneath base path '/actuator'
2020-04-29 19:09:46.137  INFO 1540 --- [restartedMain] s.b.a.e.w.s.WebMvcEndpointHandlerMapping : Mapped "{[/actuator/auditevents],methods=[GET],produces=[application/vnd.spring-boot.actuator.v2+json || application/json]}" onto public java.lang.Object org.springframework.boot.actuate.endpoint.web.servlet.AbstractWebMvcEndpointHandlerMapping$OperationHandler.handle(javax.servlet.http.HttpServletRequest,java.util.Map<java.lang.String, java.lang.String>)
2020-04-29 19:09:46.143  INFO 1540 --- [restartedMain] s.b.a.e.w.s.WebMvcEndpointHandlerMapping : Mapped "{[/actuator/beans],methods=[GET],produces=[application/vnd.spring-boot.actuator.v2+json || application/json]}" onto public java.lang.Object org.springframework.boot.actuate.endpoint.web.servlet.AbstractWebMvcEndpointHandlerMapping$OperationHandler.handle(javax.servlet.http.HttpServletRequest,java.util.Map<java.lang.String, java.lang.String>)
2020-04-29 19:09:46.144  INFO 1540 --- [restartedMain] s.b.a.e.w.s.WebMvcEndpointHandlerMapping : Mapped "{[/actuator/health],methods=[GET],produces=[application/vnd.spring-boot.actuator.v2+json || application/json]}" onto public java.lang.Object org.springframework.boot.actuate.endpoint.web.servlet.AbstractWebMvcEndpointHandlerMapping$OperationHandler.handle(javax.servlet.http.HttpServletRequest,java.util.Map<java.lang.String, java.lang.String>)
2020-04-29 19:09:46.150  INFO 1540 --- [restartedMain] s.b.a.e.w.s.WebMvcEndpointHandlerMapping : Mapped "{[/actuator/conditions],methods=[GET],produces=[application/vnd.spring-boot.actuator.v2+json || application/json]}" onto public java.lang.Object org.springframework.boot.actuate.endpoint.web.servlet.AbstractWebMvcEndpointHandlerMapping$OperationHandler.handle(javax.servlet.http.HttpServletRequest,java.util.Map<java.lang.String, java.lang.String>)
2020-04-29 19:09:46.157  INFO 1540 --- [restartedMain] s.b.a.e.w.s.WebMvcEndpointHandlerMapping : Mapped "{[/actuator/configprops],methods=[GET],produces=[application/vnd.spring-boot.actuator.v2+json || application/json]}" onto public java.lang.Object org.springframework.boot.actuate.endpoint.web.servlet.AbstractWebMvcEndpointHandlerMapping$OperationHandler.handle(javax.servlet.http.HttpServletRequest,java.util.Map<java.lang.String, java.lang.String>)
2020-04-29 19:09:46.158  INFO 1540 --- [restartedMain] s.b.a.e.w.s.WebMvcEndpointHandlerMapping : Mapped "{[/actuator/env],methods=[GET],produces=[application/vnd.spring-boot.actuator.v2+json || application/json]}" onto public java.lang.Object org.springframework.boot.actuate.endpoint.web.servlet.AbstractWebMvcEndpointHandlerMapping$OperationHandler.handle(javax.servlet.http.HttpServletRequest,java.util.Map<java.lang.String, java.lang.String>)
2020-04-29 19:09:46.158  INFO 1540 --- [restartedMain] s.b.a.e.w.s.WebMvcEndpointHandlerMapping : Mapped "{[/actuator/env/{toMatch}],methods=[GET],produces=[application/vnd.spring-boot.actuator.v2+json || application/json]}" onto public java.lang.Object org.springframework.boot.actuate.endpoint.web.servlet.AbstractWebMvcEndpointHandlerMapping$OperationHandler.handle(javax.servlet.http.HttpServletRequest,java.util.Map<java.lang.String, java.lang.String>)
2020-04-29 19:09:46.158  INFO 1540 --- [restartedMain] s.b.a.e.w.s.WebMvcEndpointHandlerMapping : Mapped "{[/actuator/info],methods=[GET],produces=[application/vnd.spring-boot.actuator.v2+json || application/json]}" onto public java.lang.Object org.springframework.boot.actuate.endpoint.web.servlet.AbstractWebMvcEndpointHandlerMapping$OperationHandler.handle(javax.servlet.http.HttpServletRequest,java.util.Map<java.lang.String, java.lang.String>)
2020-04-29 19:09:46.162  INFO 1540 --- [restartedMain] s.b.a.e.w.s.WebMvcEndpointHandlerMapping : Mapped "{[/actuator/logfile],methods=[GET],produces=[application/octet-stream]}" onto public java.lang.Object org.springframework.boot.actuate.endpoint.web.servlet.AbstractWebMvcEndpointHandlerMapping$OperationHandler.handle(javax.servlet.http.HttpServletRequest,java.util.Map<java.lang.String, java.lang.String>)
2020-04-29 19:09:46.163  INFO 1540 --- [restartedMain] s.b.a.e.w.s.WebMvcEndpointHandlerMapping : Mapped "{[/actuator/loggers],methods=[GET],produces=[application/vnd.spring-boot.actuator.v2+json || application/json]}" onto public java.lang.Object org.springframework.boot.actuate.endpoint.web.servlet.AbstractWebMvcEndpointHandlerMapping$OperationHandler.handle(javax.servlet.http.HttpServletRequest,java.util.Map<java.lang.String, java.lang.String>)
2020-04-29 19:09:46.170  INFO 1540 --- [restartedMain] s.b.a.e.w.s.WebMvcEndpointHandlerMapping : Mapped "{[/actuator/loggers/{name}],methods=[GET],produces=[application/vnd.spring-boot.actuator.v2+json || application/json]}" onto public java.lang.Object org.springframework.boot.actuate.endpoint.web.servlet.AbstractWebMvcEndpointHandlerMapping$OperationHandler.handle(javax.servlet.http.HttpServletRequest,java.util.Map<java.lang.String, java.lang.String>)
2020-04-29 19:09:46.172  INFO 1540 --- [restartedMain] s.b.a.e.w.s.WebMvcEndpointHandlerMapping : Mapped "{[/actuator/loggers/{name}],methods=[POST],consumes=[application/vnd.spring-boot.actuator.v2+json || application/json]}" onto public java.lang.Object org.springframework.boot.actuate.endpoint.web.servlet.AbstractWebMvcEndpointHandlerMapping$OperationHandler.handle(javax.servlet.http.HttpServletRequest,java.util.Map<java.lang.String, java.lang.String>)
2020-04-29 19:09:46.173  INFO 1540 --- [restartedMain] s.b.a.e.w.s.WebMvcEndpointHandlerMapping : Mapped "{[/actuator/heapdump],methods=[GET],produces=[application/octet-stream]}" onto public java.lang.Object org.springframework.boot.actuate.endpoint.web.servlet.AbstractWebMvcEndpointHandlerMapping$OperationHandler.handle(javax.servlet.http.HttpServletRequest,java.util.Map<java.lang.String, java.lang.String>)
2020-04-29 19:09:46.173  INFO 1540 --- [restartedMain] s.b.a.e.w.s.WebMvcEndpointHandlerMapping : Mapped "{[/actuator/threaddump],methods=[GET],produces=[application/vnd.spring-boot.actuator.v2+json || application/json]}" onto public java.lang.Object org.springframework.boot.actuate.endpoint.web.servlet.AbstractWebMvcEndpointHandlerMapping$OperationHandler.handle(javax.servlet.http.HttpServletRequest,java.util.Map<java.lang.String, java.lang.String>)
2020-04-29 19:09:46.174  INFO 1540 --- [restartedMain] s.b.a.e.w.s.WebMvcEndpointHandlerMapping : Mapped "{[/actuator/metrics],methods=[GET],produces=[application/vnd.spring-boot.actuator.v2+json || application/json]}" onto public java.lang.Object org.springframework.boot.actuate.endpoint.web.servlet.AbstractWebMvcEndpointHandlerMapping$OperationHandler.handle(javax.servlet.http.HttpServletRequest,java.util.Map<java.lang.String, java.lang.String>)
2020-04-29 19:09:46.175  INFO 1540 --- [restartedMain] s.b.a.e.w.s.WebMvcEndpointHandlerMapping : Mapped "{[/actuator/metrics/{requiredMetricName}],methods=[GET],produces=[application/vnd.spring-boot.actuator.v2+json || application/json]}" onto public java.lang.Object org.springframework.boot.actuate.endpoint.web.servlet.AbstractWebMvcEndpointHandlerMapping$OperationHandler.handle(javax.servlet.http.HttpServletRequest,java.util.Map<java.lang.String, java.lang.String>)
2020-04-29 19:09:46.176  INFO 1540 --- [restartedMain] s.b.a.e.w.s.WebMvcEndpointHandlerMapping : Mapped "{[/actuator/scheduledtasks],methods=[GET],produces=[application/vnd.spring-boot.actuator.v2+json || application/json]}" onto public java.lang.Object org.springframework.boot.actuate.endpoint.web.servlet.AbstractWebMvcEndpointHandlerMapping$OperationHandler.handle(javax.servlet.http.HttpServletRequest,java.util.Map<java.lang.String, java.lang.String>)
2020-04-29 19:09:46.176  INFO 1540 --- [restartedMain] s.b.a.e.w.s.WebMvcEndpointHandlerMapping : Mapped "{[/actuator/httptrace],methods=[GET],produces=[application/vnd.spring-boot.actuator.v2+json || application/json]}" onto public java.lang.Object org.springframework.boot.actuate.endpoint.web.servlet.AbstractWebMvcEndpointHandlerMapping$OperationHandler.handle(javax.servlet.http.HttpServletRequest,java.util.Map<java.lang.String, java.lang.String>)
2020-04-29 19:09:46.177  INFO 1540 --- [restartedMain] s.b.a.e.w.s.WebMvcEndpointHandlerMapping : Mapped "{[/actuator/mappings],methods=[GET],produces=[application/vnd.spring-boot.actuator.v2+json || application/json]}" onto public java.lang.Object org.springframework.boot.actuate.endpoint.web.servlet.AbstractWebMvcEndpointHandlerMapping$OperationHandler.handle(javax.servlet.http.HttpServletRequest,java.util.Map<java.lang.String, java.lang.String>)
2020-04-29 19:09:46.179  INFO 1540 --- [restartedMain] s.b.a.e.w.s.WebMvcEndpointHandlerMapping : Mapped "{[/actuator],methods=[GET],produces=[application/vnd.spring-boot.actuator.v2+json || application/json]}" onto protected java.util.Map<java.lang.String, java.util.Map<java.lang.String, org.springframework.boot.actuate.endpoint.web.Link>> org.springframework.boot.actuate.endpoint.web.servlet.WebMvcEndpointHandlerMapping.links(javax.servlet.http.HttpServletRequest,javax.servlet.http.HttpServletResponse)
2020-04-29 19:09:46.334  INFO 1540 --- [restartedMain] o.s.j.e.a.AnnotationMBeanExporter        : Registering beans for JMX exposure on startup
2020-04-29 19:09:46.340  INFO 1540 --- [restartedMain] o.s.j.e.a.AnnotationMBeanExporter        : Bean with name 'dataSource' has been autodetected for JMX exposure
2020-04-29 19:09:46.356  INFO 1540 --- [restartedMain] o.s.j.e.a.AnnotationMBeanExporter        : Located MBean 'dataSource': registering with JMX server as MBean [com.zaxxer.hikari:name=dataSource,type=HikariDataSource]
2020-04-29 19:09:46.375  INFO 1540 --- [restartedMain] o.s.c.support.DefaultLifecycleProcessor  : Starting beans in phase 2147483647
2020-04-29 19:09:46.376  INFO 1540 --- [restartedMain] o.s.m.s.b.SimpleBrokerMessageHandler     : Starting...
2020-04-29 19:09:46.377  INFO 1540 --- [restartedMain] o.s.m.s.b.SimpleBrokerMessageHandler     : BrokerAvailabilityEvent[available=true, SimpleBrokerMessageHandler [DefaultSubscriptionRegistry[cache[0 destination(s)], registry[0 sessions]]]]
2020-04-29 19:09:46.378  INFO 1540 --- [restartedMain] o.s.m.s.b.SimpleBrokerMessageHandler     : Started.
2020-04-29 19:09:46.486  INFO 1540 --- [restartedMain] o.s.b.w.embedded.tomcat.TomcatWebServer  : Tomcat started on port(s): 80 (http) with context path ''
2020-04-29 19:09:46.490  INFO 1540 --- [restartedMain] c.b.i.hamaServer.HamaServerApplication   : Started HamaServerApplication in 32.94 seconds (JVM running for 36.6)
2020-04-29 19:09:46.495  INFO 1540 --- [restartedMain] c.b.iot.hamaServer.MyApplicationRunner   : TcpServerServicer begin
2020-04-29 19:09:46.579  INFO 1540 --- [restartedMain] c.b.iot.hamaServer.MyApplicationRunner   : DevServer PORT: 10003
2020-04-29 19:09:48.104  INFO 1540 --- [restartedMain] c.b.iot.hamaServer.MyApplicationRunner   : PadServer PORT: 10002
2020-04-29 19:09:48.115  INFO 1540 --- [restartedMain] c.b.iot.hamaServer.MyApplicationRunner   : TcpServerServicer end
2020-04-29 19:10:42.165  INFO 1540 --- [MessageBroker-1] o.s.w.s.c.WebSocketMessageBrokerStats    : WebSocketSession[0 current WS(0)-HttpStream(0)-HttpPoll(0), 0 total, 0 closed abnormally (0 connect failure, 0 send limit, 0 transport error)], stompSubProtocol[processed CONNECT(0)-CONNECTED(0)-DISCONNECT(0)], stompBrokerRelay[null], inboundChannel[pool size = 0, active threads = 0, queued tasks = 0, completed tasks = 0], outboundChannelpool size = 0, active threads = 0, queued tasks = 0, completed tasks = 0], sockJsScheduler[pool size = 1, active threads = 1, queued tasks = 0, completed tasks = 0]
2020-04-29 19:40:42.212  INFO 1540 --- [MessageBroker-1] o.s.w.s.c.WebSocketMessageBrokerStats    : WebSocketSession[0 current WS(0)-HttpStream(0)-HttpPoll(0), 0 total, 0 closed abnormally (0 connect failure, 0 send limit, 0 transport error)], stompSubProtocol[processed CONNECT(0)-CONNECTED(0)-DISCONNECT(0)], stompBrokerRelay[null], inboundChannel[pool size = 0, active threads = 0, queued tasks = 0, completed tasks = 0], outboundChannelpool size = 0, active threads = 0, queued tasks = 0, completed tasks = 0], sockJsScheduler[pool size = 2, active threads = 1, queued tasks = 0, completed tasks = 1]
2020-04-29 19:53:14.599  INFO 1540 --- [Thread-11] ConfigServletWebServerApplicationContext : Closing org.springframework.boot.web.servlet.context.AnnotationConfigServletWebServerApplicationContext@190a0b47: startup date [Wed Apr 29 19:09:15 CST 2020]; root of context hierarchy
2020-04-29 19:53:14.612  INFO 1540 --- [Thread-11] o.s.c.support.DefaultLifecycleProcessor  : Stopping beans in phase 2147483647
2020-04-29 19:53:14.615  INFO 1540 --- [Thread-11] o.s.m.s.b.SimpleBrokerMessageHandler     : Stopping...
2020-04-29 19:53:14.617  INFO 1540 --- [Thread-11] o.s.m.s.b.SimpleBrokerMessageHandler     : BrokerAvailabilityEvent[available=false, SimpleBrokerMessageHandler [DefaultSubscriptionRegistry[cache[0 destination(s)], registry[0 sessions]]]]
2020-04-29 19:53:14.618  INFO 1540 --- [Thread-11] o.s.m.s.b.SimpleBrokerMessageHandler     : Stopped.
2020-04-29 19:53:14.627  INFO 1540 --- [Thread-11] o.s.j.e.a.AnnotationMBeanExporter        : Unregistering JMX-exposed beans on shutdown
2020-04-29 19:53:14.629  INFO 1540 --- [Thread-11] o.s.j.e.a.AnnotationMBeanExporter        : Unregistering JMX-exposed beans
2020-04-29 19:53:14.635  INFO 1540 --- [Thread-11] o.s.s.concurrent.ThreadPoolTaskExecutor  : Shutting down ExecutorService 'brokerChannelExecutor'
2020-04-29 19:53:14.636  INFO 1540 --- [Thread-11] o.s.s.c.ThreadPoolTaskScheduler          : Shutting down ExecutorService 'messageBrokerTaskScheduler'
2020-04-29 19:53:14.655  INFO 1540 --- [Thread-11] o.s.s.concurrent.ThreadPoolTaskExecutor  : Shutting down ExecutorService 'clientOutboundChannelExecutor'
2020-04-29 19:53:14.655  INFO 1540 --- [Thread-11] o.s.s.concurrent.ThreadPoolTaskExecutor  : Shutting down ExecutorService 'clientInboundChannelExecutor'
2020-04-29 19:53:14.656  INFO 1540 --- [Thread-11] j.LocalContainerEntityManagerFactoryBean : Closing JPA EntityManagerFactory for persistence unit 'default'
2020-04-29 19:53:14.671  INFO 1540 --- [Thread-11] com.zaxxer.hikari.HikariDataSource       : HikariPool-1 - Shutdown initiated...
2020-04-29 19:53:14.687  INFO 1540 --- [Thread-11] com.zaxxer.hikari.HikariDataSource       : HikariPool-1 - Shutdown completed.
